C51 COMPILER V9.60.0.0   BAI_TAP_4                                                         10/01/2022 14:38:40 PAGE 1   


C51 COMPILER V9.60.0.0, COMPILATION OF MODULE BAI_TAP_4
OBJECT MODULE PLACED IN .\Objects\Bai_tap_4.obj
COMPILER INVOKED BY: C:\Keil_v5\C51\BIN\C51.EXE Bai 5\Bai_tap_4\Bai_tap_4.c OPTIMIZE(8,SPEED) BROWSE DEBUG OBJECTEXTEND 
                    -PRINT(.\Listings\Bai_tap_4.lst) TABS(2) OBJECT(.\Objects\Bai_tap_4.obj)

line level    source

   1          #include <REGX52.H>
   2          
   3          sbit btn1 = P3^2;
   4          sbit btn2 = P3^3;
   5          sbit led1  = P1^4;
   6          sbit led2 = P1^5;
   7          
   8          void delay(unsigned int t){
   9   1        int i,j;
  10   1        for(i = 0; i<t; i++)
  11   1        for(j = 0; j<123; j++){}
  12   1      }
  13          
  14          void btn_setup (){
  15   1        btn1 = 0;
  16   1        btn2 = 0;
  17   1        
  18   1        IT0 = 1;
  19   1        IT1 = 1;
  20   1        EA = 1;
  21   1        EX0 = 1;
  22   1        EX1 = 1;
  23   1      }
  24          
  25          void ISR_INT0(void) interrupt 0{
  26   1        led1 = ~led1;
  27   1        delay(500);
  28   1      }
  29          
  30          void ISR_INT1(void) interrupt 2{
  31   1        led2 = ~led2 ;
  32   1        delay(500);
  33   1      }
  34          
  35          void main(void)
  36          {
  37   1        led1 = 0;
  38   1        led2 = 0;
  39   1        btn_setup();
  40   1        while(1){}
  41   1      }


MODULE INFORMATION:   STATIC OVERLAYABLE
   CODE SIZE        =    146    ----
   CONSTANT SIZE    =   ----    ----
   XDATA SIZE       =   ----    ----
   PDATA SIZE       =   ----    ----
   DATA SIZE        =   ----    ----
   IDATA SIZE       =   ----    ----
   BIT SIZE         =   ----    ----
END OF MODULE INFORMATION.


C51 COMPILATION COMPLETE.  0 WARNING(S),  0 ERROR(S)
