C51 COMPILER V9.60.0.0   BAI_TAP_5                                                         10/01/2022 16:01:30 PAGE 1   


C51 COMPILER V9.60.0.0, COMPILATION OF MODULE BAI_TAP_5
OBJECT MODULE PLACED IN .\Objects\Bai_tap_5.obj
COMPILER INVOKED BY: C:\Keil_v5\C51\BIN\C51.EXE Bai 5\Bai_tap_5\Bai_tap_5.c OPTIMIZE(8,SPEED) BROWSE DEBUG OBJECTEXTEND 
                    -PRINT(.\Listings\Bai_tap_5.lst) TABS(2) OBJECT(.\Objects\Bai_tap_5.obj)

line level    source

   1          #include <REGX52.H>
   2          #include <rtx51tny.h>
   3          
   4          sbit btn1 = P3^0;
   5          sbit btn2 = P3^1;
   6          sbit led1 = P1^4;
   7          sbit led2 = P1^5;
   8          sbit led3 = P1^6;
   9          
  10          void delay(unsigned int t){
  11   1        int i,j;
  12   1        for(i = 0; i<t; i++)
  13   1        for(j = 0; j<123; j++){}
  14   1      }
  15          
  16          void loop(void) _task_ 1
  17          {
  18   1        while(1){
  19   2        led3 = ~led3;
  20   2        delay(1000);
  21   2        }
  22   1      }
  23          
  24          void btn(void) _task_ 2
  25          {
  26   1        while(1){
  27   2          if(btn1 == 1){
  28   3            led1 = ~led1;
  29   3            delay(500);
  30   3            while(btn1 == 1){
  31   4            };    
  32   3          }
  33   2          if(btn2 == 1){
  34   3            led2 = ~led2;
  35   3            delay(500);
  36   3            while(btn2 == 1){
  37   4            };    
  38   3          }
  39   2        }
  40   1      }
  41          
  42          void startup_task (void) _task_ 0
  43          {
  44   1      os_create_task (1); /* Create serial_io Task */
  45   1      os_create_task (2); /* Create serial_cmds Task */
  46   1      
  47   1      os_delete_task (0); /* Delete the Startup Task */
  48   1      }


MODULE INFORMATION:   STATIC OVERLAYABLE
   CODE SIZE        =     90    ----
   CONSTANT SIZE    =   ----    ----
   XDATA SIZE       =   ----    ----
C51 COMPILER V9.60.0.0   BAI_TAP_5                                                         10/01/2022 16:01:30 PAGE 2   

   PDATA SIZE       =   ----    ----
   DATA SIZE        =   ----    ----
   IDATA SIZE       =   ----    ----
   BIT SIZE         =   ----    ----
END OF MODULE INFORMATION.


C51 COMPILATION COMPLETE.  0 WARNING(S),  0 ERROR(S)
