C51 COMPILER V9.60.0.0   DHT11                                                             11/05/2022 12:43:48 PAGE 1   


C51 COMPILER V9.60.0.0, COMPILATION OF MODULE DHT11
OBJECT MODULE PLACED IN .\Objects\dht11.obj
COMPILER INVOKED BY: C:\Keil_v5\C51\BIN\C51.EXE ..\8051_Lib\libraries-20221022T064321Z-001\libraries\dht11.c OMF2 OPTIMI
                    -ZE(8,SPEED) BROWSE INCDIR(..\8051_Lib\libraries-20221022T064321Z-001\libraries) DEBUG PRINT(.\Listings\dht11.lst) TABS(2
                    -) OBJECT(.\Objects\dht11.obj)

line level    source

   1          #include "dht11.h"
   2          
   3          unsigned char temp, humi;
   4          
   5          unsigned char dht_read()
   6          {
   7   1        unsigned char buffer[5]={0x00,0x00,0x00,0x00,0x00};    // mang de doc du lieu tren chan DATA 
   8   1        unsigned char ii,i;//,checksum;
   9   1        
  10   1        //GPIO_OUT_DHT11();
  11   1        dhtPin = 1; //ideal
  12   1        delayUs(60);
  13   1      
  14   1        dhtPin = 0; //=0: write to mass   //GPIO_ResetBits(GPIOB, GPIO_Pin_12);
  15   1        delayMs(20); // it nhat 18ms
  16   1        
  17   1        dhtPin = 1;             //GPIO_SetBits(GPIOB, GPIO_Pin_12);
  18   1        delayUs(40);       
  19   1        
  20   1        dhtPin = 1; //=1:float output //GPIO_IN_DHT11();
  21   1        delayUs(60);   //Cho 60us kiem tra muc tren chan DATA. 80us low
  22   1        //if(GPIO_ReadInputDataBit(GPIOB, GPIO_Pin_12))      // Neu chan DATA ko duoc keo xuong muc 0    
  23   1        if(dhtPin==1)
  24   1          return DHT_ER1 ;      // Tra ve gia tri 0    ==> ko giao tiep duoc voi DHT11
  25   1        while(dhtPin==0);    //Doi chan DaTa len 1
  26   1        delayUs(60);        // Chan Data o muc cao 80us
  27   1        
  28   1        if(dhtPin==0)        // Kiem tra muc tren chan DATA
  29   1          return DHT_ER2;
  30   1        while(dhtPin==1);     //Doi chan Data ve 0
  31   1        
  32   1        //Bat dau doc du lieu
  33   1        for(i=0;i<5;i++)  // nhan 5byte du lieu
  34   1        {
  35   2          for(ii=0;ii<8;ii++)     // nhan tung bit
  36   2          {    
  37   3            //while((!(GPIO_ReadInputDataBit(GPIOB, GPIO_Pin_12)))); //Doi Data len 1
  38   3            while(dhtPin==0);
  39   3            delayUs(45);
  40   3            //if(GPIO_ReadInputDataBit(GPIOB, GPIO_Pin_12))
  41   3            if(dhtPin==1)
  42   3            {
  43   4              buffer[i]|=(0x01<<(7-ii));   //MSB first
  44   4              //while(GPIO_ReadInputDataBit(GPIOB, GPIO_Pin_12)) ;   //Doi Data xuong 0
  45   4              while(dhtPin==1);
  46   4            }
  47   3          }
  48   2        }
  49   1        //Tinh toan check sum
  50   1        //checksum=buffer[0]+buffer[1]+buffer[2]+buffer[3];
  51   1        //Kiem tra check sum
  52   1        //if((checksum)!=buffer[4])return DHT_ER;
  53   1        //Lay du lieu
C51 COMPILER V9.60.0.0   DHT11                                                             11/05/2022 12:43:48 PAGE 2   

  54   1        temp  =   buffer[2];
  55   1        humi =   buffer[0];
  56   1        dhtPin = 1; //ideal
  57   1        return DHT_OK;
  58   1      }


MODULE INFORMATION:   STATIC OVERLAYABLE
   CODE SIZE        =    162    ----
   CONSTANT SIZE    =      5    ----
   XDATA SIZE       =   ----    ----
   PDATA SIZE       =   ----    ----
   DATA SIZE        =      2       7
   IDATA SIZE       =   ----    ----
   BIT SIZE         =   ----    ----
   EDATA SIZE       =   ----    ----
   HDATA SIZE       =   ----    ----
   XDATA CONST SIZE =   ----    ----
   FAR CONST SIZE   =   ----    ----
END OF MODULE INFORMATION.


C51 COMPILATION COMPLETE.  0 WARNING(S),  0 ERROR(S)
