C51 COMPILER V9.60.0.0   VI_DU_2                                                           10/08/2022 14:04:27 PAGE 1   


C51 COMPILER V9.60.0.0, COMPILATION OF MODULE VI_DU_2
OBJECT MODULE PLACED IN .\Objects\Vi_du_2.obj
COMPILER INVOKED BY: C:\Keil_v5\C51\BIN\C51.EXE Bai 6\Bai_tap_1\Vi_du_2.c OPTIMIZE(8,SPEED) BROWSE DEBUG OBJECTEXTEND PR
                    -INT(.\Listings\Vi_du_2.lst) TABS(2) OBJECT(.\Objects\Vi_du_2.obj)

line level    source

   1          #include <REGX52.H>
   2          sbit led = P2^1;
   3          unsigned int dcount = 0;
   4          void ISR_timer0() interrupt 1
   5          {
   6   1        TH0 = 0xFC;
   7   1        TL0 = 0x18;
   8   1        dcount++;
   9   1      }
  10          
  11          void delayMS(unsigned int t)
  12          {
  13   1        TMOD = 0x01;
  14   1        TH0 = 0xFC;
  15   1        TL0 = 0x18;
  16   1        IE = 0x82;
  17   1        dcount =0;
  18   1        TR0 = 1;
  19   1        while (dcount<t);
  20   1        IE = 0;
  21   1        TR0 = 0;
  22   1      }
  23          
  24          void main(void){
  25   1        while(1){
  26   2          led = !led;
  27   2          delayMS(500);
  28   2        }
  29   1      }


MODULE INFORMATION:   STATIC OVERLAYABLE
   CODE SIZE        =     64    ----
   CONSTANT SIZE    =   ----    ----
   XDATA SIZE       =   ----    ----
   PDATA SIZE       =   ----    ----
   DATA SIZE        =      2    ----
   IDATA SIZE       =   ----    ----
   BIT SIZE         =   ----    ----
END OF MODULE INFORMATION.


C51 COMPILATION COMPLETE.  0 WARNING(S),  0 ERROR(S)
