C51 COMPILER V9.60.0.0   VI_DU_4                                                           09/22/2022 16:23:10 PAGE 1   


C51 COMPILER V9.60.0.0, COMPILATION OF MODULE VI_DU_4
OBJECT MODULE PLACED IN .\Objects\vi_du_4.obj
COMPILER INVOKED BY: C:\Keil_v5\C51\BIN\C51.EXE Bai 4\Bai_tap_1\vi_du_4.c OPTIMIZE(8,SPEED) BROWSE DEBUG OBJECTEXTEND PR
                    -INT(.\Listings\vi_du_4.lst) TABS(2) OBJECT(.\Objects\vi_du_4.obj)

line level    source

   1          #include <REGX52.H>
   2          unsigned char led7SEG[] = {0x3F,0x06,0x5B,0x4F,0x66,0x6D,0x7D,0x07,0x7F,0x6F,0x77,0x7C,0x39,0x5E,0x79,0x71
             -};
   3          #define hangChuc P1
   4          #define hangDonVi P2
   5          void main(void){
   6   1      hangChuc = led7SEG[1];
   7   1      hangDonVi = led7SEG[3];
   8   1      }


MODULE INFORMATION:   STATIC OVERLAYABLE
   CODE SIZE        =      7    ----
   CONSTANT SIZE    =   ----    ----
   XDATA SIZE       =   ----    ----
   PDATA SIZE       =   ----    ----
   DATA SIZE        =     16    ----
   IDATA SIZE       =   ----    ----
   BIT SIZE         =   ----    ----
END OF MODULE INFORMATION.


C51 COMPILATION COMPLETE.  0 WARNING(S),  0 ERROR(S)
