C51 COMPILER V9.60.0.0   VI_DU_1                                                           10/01/2022 13:34:06 PAGE 1   


C51 COMPILER V9.60.0.0, COMPILATION OF MODULE VI_DU_1
OBJECT MODULE PLACED IN .\Objects\vi_du_1.obj
COMPILER INVOKED BY: C:\Keil_v5\C51\BIN\C51.EXE Bai 5\Bai_tap_1\vi_du_1.c OPTIMIZE(8,SPEED) BROWSE DEBUG OBJECTEXTEND PR
                    -INT(.\Listings\vi_du_1.lst) TABS(2) OBJECT(.\Objects\vi_du_1.obj)

line level    source

   1          #include <REGX52.H>
   2          
   3          sbit btnON = P2^4;
   4          sbit btnOFF = P2^5;
   5          sbit led  = P2^1;
   6          void main (void){
   7   1        led  = 0;
   8   1        btnON = 0;
   9   1        btnOFF = 0;
  10   1        while(1)
  11   1        {
  12   2          if(btnON == 1){
  13   3            led = 1;
  14   3            while (btnON == 1);
  15   3          }
  16   2            if(btnOFF == 1){
  17   3            led = 0;
  18   3            while (btnOFF == 1);
  19   3          }
  20   2        }
  21   1      }


MODULE INFORMATION:   STATIC OVERLAYABLE
   CODE SIZE        =     24    ----
   CONSTANT SIZE    =   ----    ----
   XDATA SIZE       =   ----    ----
   PDATA SIZE       =   ----    ----
   DATA SIZE        =   ----    ----
   IDATA SIZE       =   ----    ----
   BIT SIZE         =   ----    ----
END OF MODULE INFORMATION.


C51 COMPILATION COMPLETE.  0 WARNING(S),  0 ERROR(S)
